<?xml version="1.0" encoding="UTF-8"?>
<!-- Generated by org.testng.reporters.JUnitReportReporter -->
<testsuite hostname="DESKTOP-83QUER9" failures="0" tests="1" name="logindb" time="2.079" errors="0" timestamp="2024-05-03T08:15:20 WAT" skipped="0">
  <testcase classname="logindb" name="testDatabaseConnection" time="2.079"/>
</testsuite> <!-- logindb -->
