<?xml version="1.0" encoding="UTF-8"?>
<!-- Generated by org.testng.reporters.JUnitReportReporter -->
<testsuite hostname="DESKTOP-83QUER9" failures="0" tests="1" name="TESTINSERTDATA" time="33.450" errors="0" timestamp="2024-05-03T09:11:45 WAT" skipped="0">
  <testcase classname="TESTINSERTDATA" name="testDatabaseConnectionAndLogin" time="33.450"/>
</testsuite> <!-- TESTINSERTDATA -->
