<?xml version="1.0" encoding="UTF-8"?>
<!-- Generated by org.testng.reporters.JUnitReportReporter -->
<testsuite hostname="DESKTOP-83QUER9" failures="0" tests="6" name="TestDBLoginClientAffaireDevis" time="47.351" errors="0" timestamp="2024-05-03T13:35:02 WAT" skipped="0">
  <testcase classname="TestDBLoginClientAffaireDevis" name="testDatabaseConnectionAndLogin" time="12.683"/>
  <testcase classname="TestDBLoginClientAffaireDevis" name="TestNavigationMenu" time="1.073"/>
  <testcase classname="TestDBLoginClientAffaireDevis" name="TestCreateClient" time="5.745"/>
  <testcase classname="TestDBLoginClientAffaireDevis" name="TestRechercheclient" time="3.461"/>
  <testcase classname="TestDBLoginClientAffaireDevis" name="TestCommercial" time="11.891"/>
  <testcase classname="TestDBLoginClientAffaireDevis" name="TestDevis" time="12.498"/>
</testsuite> <!-- TestDBLoginClientAffaireDevis -->
